<?xml version="1.0" encoding="UTF-8"?>
<!-- Generated by org.testng.reporters.JUnitReportReporter -->
<testsuite hostname="DESKTOP-DQG3JI0" failures="0" tests="5" name="august12.Bluestone" time="62.640" errors="0" timestamp="2021-08-12T10:54:52 IST" skipped="0">
  <testcase classname="august12.Bluestone" name="sc01" time="9.624"/>
  <system-out>
    <![CDATA[sc01]]>
  </system-out>
  <testcase classname="august12.Bluestone" name="sc03" time="25.890"/>
  <system-out>
    <![CDATA[sc03]]>
  </system-out>
  <testcase classname="august12.Bluestone" name="sc04" time="9.606"/>
  <system-out>
    <![CDATA[sc04]]>
  </system-out>
  <testcase classname="august12.Bluestone" name="sc02" time="8.740"/>
  <system-out>
    <![CDATA[sc02]]>
  </system-out>
  <testcase classname="august12.Bluestone" name="sc05" time="8.780"/>
  <system-out>
    <![CDATA[sc05]]>
  </system-out>
</testsuite> <!-- august12.Bluestone -->
