<?xml version="1.0" encoding="UTF-8"?>
<!-- Generated by org.testng.reporters.JUnitReportReporter -->
<testsuite hostname="DESKTOP-DQG3JI0" failures="0" tests="2" name="august12.Demo1" time="31.328" errors="0" timestamp="2021-08-12T10:27:55 IST" skipped="0">
  <testcase classname="august12.Demo1" name="tc_01" time="14.941"/>
  <system-out>
    <![CDATA[Hello01]]>
  </system-out>
  <testcase classname="august12.Demo1" name="tc_02" time="16.387"/>
  <system-out>
    <![CDATA[Hello02]]>
  </system-out>
</testsuite> <!-- august12.Demo1 -->
